Vivado Simulator 2018.3
Copyright 1986-1999, 2001-2018 Xilinx, Inc. All Rights Reserved.
Running: /home/czaras/xilinx/Vivado/2018.3/bin/unwrapped/lnx64.o/xelab -wto 1346f0ee8dba4a6dbc713e05452bc28c --incr --debug typical --relax --mt 8 -L xil_defaultlib -L secureip --snapshot top_tb_behav xil_defaultlib.top_tb -log elaborate.log 
Using 8 slave threads.
Starting static elaboration
Completed static elaboration
Starting simulation data flow analysis
Completed simulation data flow analysis
Time Resolution for simulation is 1ps
Compiling package std.standard
Compiling package std.textio
Compiling package ieee.std_logic_1164
Compiling package ieee.std_logic_arith
Compiling package ieee.std_logic_unsigned
Compiling package ieee.numeric_std
Compiling architecture behavioral of entity xil_defaultlib.EncoderAndMemory [encoderandmemory_default]
Compiling architecture behavioral of entity xil_defaultlib.FrequencyDivider [\FrequencyDivider(divider=100000...]
Compiling architecture behavioral of entity xil_defaultlib.Display [display_default]
Compiling architecture behavioral of entity xil_defaultlib.top [top_default]
Compiling architecture behavior of entity xil_defaultlib.top_tb
Built simulation snapshot top_tb_behav
